0 info it worked if it ends with ok
1 verbose cli [ '/usr/local/bin/node',
1 verbose cli   '/usr/local/bin/npm',
1 verbose cli   'i',
1 verbose cli   '-g',
1 verbose cli   'typescript' ]
2 info using npm@3.10.10
3 info using node@v6.11.2
4 silly loadCurrentTree Starting
5 silly install loadCurrentTree
6 silly install readGlobalPackageData
7 silly fetchPackageMetaData typescript
8 silly fetchNamedPackageData typescript
9 silly mapToRegistry name typescript
10 silly mapToRegistry using default registry
11 silly mapToRegistry registry https://registry.npmjs.org/
12 silly mapToRegistry data Result {
12 silly mapToRegistry   raw: 'typescript',
12 silly mapToRegistry   scope: null,
12 silly mapToRegistry   escapedName: 'typescript',
12 silly mapToRegistry   name: 'typescript',
12 silly mapToRegistry   rawSpec: '',
12 silly mapToRegistry   spec: 'latest',
12 silly mapToRegistry   type: 'tag' }
13 silly mapToRegistry uri https://registry.npmjs.org/typescript
14 verbose request uri https://registry.npmjs.org/typescript
15 verbose request no auth needed
16 info attempt registry request try #1 at 11:46:41 AM
17 verbose request id 50c0076ebf1d9d82
18 http request GET https://registry.npmjs.org/typescript
19 http 200 https://registry.npmjs.org/typescript
20 verbose headers { server: 'nginx/1.10.1',
20 verbose headers   'content-type': 'application/json',
20 verbose headers   'last-modified': 'Sun, 15 Oct 2017 06:16:25 GMT',
20 verbose headers   etag: 'W/"59e2fd39-1e110c"',
20 verbose headers   'content-encoding': 'gzip',
20 verbose headers   'cache-control': 'max-age=300',
20 verbose headers   'content-length': '98886',
20 verbose headers   'accept-ranges': 'bytes',
20 verbose headers   date: 'Sun, 15 Oct 2017 16:46:42 GMT',
20 verbose headers   via: '1.1 varnish',
20 verbose headers   age: '250',
20 verbose headers   connection: 'keep-alive',
20 verbose headers   'x-served-by': 'cache-atl6251-ATL',
20 verbose headers   'x-cache': 'HIT',
20 verbose headers   'x-cache-hits': '1',
20 verbose headers   'x-timer': 'S1508086003.715043,VS0,VE1',
20 verbose headers   vary: 'Accept-Encoding, Accept' }
21 silly get cb [ 200,
21 silly get   { server: 'nginx/1.10.1',
21 silly get     'content-type': 'application/json',
21 silly get     'last-modified': 'Sun, 15 Oct 2017 06:16:25 GMT',
21 silly get     etag: 'W/"59e2fd39-1e110c"',
21 silly get     'content-encoding': 'gzip',
21 silly get     'cache-control': 'max-age=300',
21 silly get     'content-length': '98886',
21 silly get     'accept-ranges': 'bytes',
21 silly get     date: 'Sun, 15 Oct 2017 16:46:42 GMT',
21 silly get     via: '1.1 varnish',
21 silly get     age: '250',
21 silly get     connection: 'keep-alive',
21 silly get     'x-served-by': 'cache-atl6251-ATL',
21 silly get     'x-cache': 'HIT',
21 silly get     'x-cache-hits': '1',
21 silly get     'x-timer': 'S1508086003.715043,VS0,VE1',
21 silly get     vary: 'Accept-Encoding, Accept' } ]
22 verbose get saving typescript to /Users/reedreed/.npm/registry.npmjs.org/typescript/.cache.json
23 verbose correctMkdir /Users/reedreed/.npm correctMkdir not in flight; initializing
24 silly install normalizeTree
25 silly loadCurrentTree Finishing
26 silly loadIdealTree Starting
27 silly install loadIdealTree
28 silly cloneCurrentTree Starting
29 silly install cloneCurrentTreeToIdealTree
30 silly cloneCurrentTree Finishing
31 silly loadShrinkwrap Starting
32 silly install loadShrinkwrap
33 silly loadShrinkwrap Finishing
34 silly loadAllDepsIntoIdealTree Starting
35 silly install loadAllDepsIntoIdealTree
36 silly resolveWithNewModule typescript@2.5.3 checking installable status
37 silly cache add args [ 'typescript', null ]
38 verbose cache add spec typescript
39 silly cache add parsed spec Result {
39 silly cache add   raw: 'typescript',
39 silly cache add   scope: null,
39 silly cache add   escapedName: 'typescript',
39 silly cache add   name: 'typescript',
39 silly cache add   rawSpec: '',
39 silly cache add   spec: 'latest',
39 silly cache add   type: 'tag' }
40 silly addNamed typescript@latest
41 verbose addNamed "latest" is being treated as a dist-tag for typescript
42 info addNameTag [ 'typescript', 'latest' ]
43 silly mapToRegistry name typescript
44 silly mapToRegistry using default registry
45 silly mapToRegistry registry https://registry.npmjs.org/
46 silly mapToRegistry data Result {
46 silly mapToRegistry   raw: 'typescript',
46 silly mapToRegistry   scope: null,
46 silly mapToRegistry   escapedName: 'typescript',
46 silly mapToRegistry   name: 'typescript',
46 silly mapToRegistry   rawSpec: '',
46 silly mapToRegistry   spec: 'latest',
46 silly mapToRegistry   type: 'tag' }
47 silly mapToRegistry uri https://registry.npmjs.org/typescript
48 verbose addNameTag registry:https://registry.npmjs.org/typescript not in flight; fetching
49 verbose get https://registry.npmjs.org/typescript not expired, no request
50 silly addNameTag next cb for typescript with tag latest
51 silly addNamed typescript@2.5.3
52 verbose addNamed "2.5.3" is a plain semver version for typescript
53 silly mapToRegistry name typescript
54 silly mapToRegistry using default registry
55 silly mapToRegistry registry https://registry.npmjs.org/
56 silly mapToRegistry data Result {
56 silly mapToRegistry   raw: 'typescript',
56 silly mapToRegistry   scope: null,
56 silly mapToRegistry   escapedName: 'typescript',
56 silly mapToRegistry   name: 'typescript',
56 silly mapToRegistry   rawSpec: '',
56 silly mapToRegistry   spec: 'latest',
56 silly mapToRegistry   type: 'tag' }
57 silly mapToRegistry uri https://registry.npmjs.org/typescript
58 verbose addRemoteTarball https://registry.npmjs.org/typescript/-/typescript-2.5.3.tgz not in flight; adding
59 verbose addRemoteTarball [ 'https://registry.npmjs.org/typescript/-/typescript-2.5.3.tgz',
59 verbose addRemoteTarball   'df3dcdc38f3beb800d4bc322646b04a3f6ca7f0d' ]
60 info retry fetch attempt 1 at 11:46:42 AM
61 info attempt registry request try #1 at 11:46:42 AM
62 http fetch GET https://registry.npmjs.org/typescript/-/typescript-2.5.3.tgz
63 http fetch 200 https://registry.npmjs.org/typescript/-/typescript-2.5.3.tgz
64 silly fetchAndShaCheck shasum df3dcdc38f3beb800d4bc322646b04a3f6ca7f0d
65 verbose addTmpTarball /var/folders/5j/vs00zvf56kbgh4rbb81kdvj80000gn/T/npm-6071-b1e7d324/registry.npmjs.org/typescript/-/typescript-2.5.3.tgz not in flight; adding
66 verbose addTmpTarball already have metadata; skipping unpack for typescript@2.5.3
67 verbose correctMkdir /Users/reedreed/.npm correctMkdir not in flight; initializing
68 silly cache afterAdd typescript@2.5.3
69 verbose afterAdd /Users/reedreed/.npm/typescript/2.5.3/package/package.json not in flight; writing
70 verbose correctMkdir /Users/reedreed/.npm correctMkdir not in flight; initializing
71 verbose afterAdd /Users/reedreed/.npm/typescript/2.5.3/package/package.json written
72 silly loadAllDepsIntoIdealTree Finishing
73 silly loadIdealTree Finishing
74 silly currentTree lib
75 silly idealTree lib
75 silly idealTree └── typescript@2.5.3
76 silly generateActionsToTake Starting
77 silly install generateActionsToTake
78 silly generateActionsToTake Finishing
79 silly diffTrees action count 1
80 silly diffTrees add typescript@2.5.3
81 silly decomposeActions action count 8
82 silly decomposeActions fetch typescript@2.5.3
83 silly decomposeActions extract typescript@2.5.3
84 silly decomposeActions test typescript@2.5.3
85 silly decomposeActions preinstall typescript@2.5.3
86 silly decomposeActions build typescript@2.5.3
87 silly decomposeActions install typescript@2.5.3
88 silly decomposeActions postinstall typescript@2.5.3
89 silly decomposeActions finalize typescript@2.5.3
90 silly runTopLevelLifecycles Starting
91 silly executeActions Starting
92 silly install executeActions
93 silly doSerial global-install 0
94 silly doParallel fetch 1
95 verbose correctMkdir /Users/reedreed/.npm/_locks correctMkdir not in flight; initializing
96 verbose lock using /Users/reedreed/.npm/_locks/staging-3a08f0df5026584d.lock for /usr/local/lib/node_modules/.staging
97 silly doParallel extract 1
98 silly extract typescript@2.5.3
99 verbose unbuild lib/node_modules/.staging/typescript-663f1fa5
100 silly gentlyRm /usr/local/lib/node_modules/.staging/typescript-663f1fa5 is being purged from base /usr/local
101 verbose gentlyRm don't care about contents; nuking /usr/local/lib/node_modules/.staging/typescript-663f1fa5
102 verbose tar unpack /Users/reedreed/.npm/typescript/2.5.3/package.tgz
103 verbose tar unpacking to /usr/local/lib/node_modules/.staging/typescript-663f1fa5
104 silly gentlyRm /usr/local/lib/node_modules/.staging/typescript-663f1fa5 is being purged
105 verbose gentlyRm don't care about contents; nuking /usr/local/lib/node_modules/.staging/typescript-663f1fa5
106 silly gunzTarPerm modes [ '755', '644' ]
107 silly gunzTarPerm extractEntry package.json
108 silly gunzTarPerm modified mode [ 'package.json', 438, 420 ]
109 silly gunzTarPerm extractEntry .npmignore
110 silly gunzTarPerm modified mode [ '.npmignore', 438, 420 ]
111 silly gunzTarPerm extractEntry README.md
112 silly gunzTarPerm modified mode [ 'README.md', 438, 420 ]
113 silly gunzTarPerm extractEntry AUTHORS.md
114 silly gunzTarPerm modified mode [ 'AUTHORS.md', 438, 420 ]
115 silly gunzTarPerm extractEntry CONTRIBUTING.md
116 silly gunzTarPerm modified mode [ 'CONTRIBUTING.md', 438, 420 ]
117 silly gunzTarPerm extractEntry CopyrightNotice.txt
118 silly gunzTarPerm modified mode [ 'CopyrightNotice.txt', 438, 420 ]
119 silly gunzTarPerm extractEntry LICENSE.txt
120 silly gunzTarPerm modified mode [ 'LICENSE.txt', 438, 420 ]
121 silly gunzTarPerm extractEntry .mailmap
122 silly gunzTarPerm modified mode [ '.mailmap', 438, 420 ]
123 silly gunzTarPerm extractEntry ThirdPartyNoticeText.txt
124 silly gunzTarPerm modified mode [ 'ThirdPartyNoticeText.txt', 438, 420 ]
125 silly gunzTarPerm extractEntry bin/tsc
126 silly gunzTarPerm modified mode [ 'bin/tsc', 438, 420 ]
127 silly gunzTarPerm extractEntry bin/tsserver
128 silly gunzTarPerm modified mode [ 'bin/tsserver', 438, 420 ]
129 silly gunzTarPerm extractEntry lib/README.md
130 silly gunzTarPerm modified mode [ 'lib/README.md', 438, 420 ]
131 silly gunzTarPerm extractEntry lib/typingsInstaller.js
132 silly gunzTarPerm modified mode [ 'lib/typingsInstaller.js', 438, 420 ]
133 silly gunzTarPerm extractEntry lib/typescriptServices.js
134 silly gunzTarPerm modified mode [ 'lib/typescriptServices.js', 438, 420 ]
135 silly gunzTarPerm extractEntry lib/typescript.js
136 silly gunzTarPerm modified mode [ 'lib/typescript.js', 438, 420 ]
137 silly gunzTarPerm extractEntry lib/tsserverlibrary.js
138 silly gunzTarPerm modified mode [ 'lib/tsserverlibrary.js', 438, 420 ]
139 silly gunzTarPerm extractEntry lib/tsserver.js
140 silly gunzTarPerm modified mode [ 'lib/tsserver.js', 438, 420 ]
141 silly gunzTarPerm extractEntry lib/tsc.js
142 silly gunzTarPerm modified mode [ 'lib/tsc.js', 438, 420 ]
143 silly gunzTarPerm extractEntry lib/cancellationToken.js
144 silly gunzTarPerm modified mode [ 'lib/cancellationToken.js', 438, 420 ]
145 silly gunzTarPerm extractEntry lib/watchGuard.js
146 silly gunzTarPerm modified mode [ 'lib/watchGuard.js', 438, 420 ]
147 silly gunzTarPerm extractEntry lib/lib.es6.d.ts
148 silly gunzTarPerm modified mode [ 'lib/lib.es6.d.ts', 438, 420 ]
149 silly gunzTarPerm extractEntry lib/lib.es2015.iterable.d.ts
150 silly gunzTarPerm modified mode [ 'lib/lib.es2015.iterable.d.ts', 438, 420 ]
151 silly gunzTarPerm extractEntry lib/lib.es2015.proxy.d.ts
152 silly gunzTarPerm modified mode [ 'lib/lib.es2015.proxy.d.ts', 438, 420 ]
153 silly gunzTarPerm extractEntry lib/lib.es2015.reflect.d.ts
154 silly gunzTarPerm modified mode [ 'lib/lib.es2015.reflect.d.ts', 438, 420 ]
155 silly gunzTarPerm extractEntry lib/lib.es2015.symbol.d.ts
156 silly gunzTarPerm modified mode [ 'lib/lib.es2015.symbol.d.ts', 438, 420 ]
157 silly gunzTarPerm extractEntry lib/lib.es2015.symbol.wellknown.d.ts
158 silly gunzTarPerm modified mode [ 'lib/lib.es2015.symbol.wellknown.d.ts', 438, 420 ]
159 silly gunzTarPerm extractEntry lib/lib.es2016.array.include.d.ts
160 silly gunzTarPerm modified mode [ 'lib/lib.es2016.array.include.d.ts', 438, 420 ]
161 silly gunzTarPerm extractEntry lib/lib.es2016.d.ts
162 silly gunzTarPerm modified mode [ 'lib/lib.es2016.d.ts', 438, 420 ]
163 silly gunzTarPerm extractEntry lib/lib.es2016.full.d.ts
164 silly gunzTarPerm modified mode [ 'lib/lib.es2016.full.d.ts', 438, 420 ]
165 silly gunzTarPerm extractEntry lib/lib.es2017.d.ts
166 silly gunzTarPerm modified mode [ 'lib/lib.es2017.d.ts', 438, 420 ]
167 silly gunzTarPerm extractEntry lib/lib.es2017.full.d.ts
168 silly gunzTarPerm modified mode [ 'lib/lib.es2017.full.d.ts', 438, 420 ]
169 silly gunzTarPerm extractEntry lib/lib.es2017.intl.d.ts
170 silly gunzTarPerm modified mode [ 'lib/lib.es2017.intl.d.ts', 438, 420 ]
171 silly gunzTarPerm extractEntry lib/lib.es2015.generator.d.ts
172 silly gunzTarPerm modified mode [ 'lib/lib.es2015.generator.d.ts', 438, 420 ]
173 silly gunzTarPerm extractEntry lib/lib.es2017.sharedmemory.d.ts
174 silly gunzTarPerm modified mode [ 'lib/lib.es2017.sharedmemory.d.ts', 438, 420 ]
175 silly gunzTarPerm extractEntry lib/lib.es2017.string.d.ts
176 silly gunzTarPerm modified mode [ 'lib/lib.es2017.string.d.ts', 438, 420 ]
177 silly gunzTarPerm extractEntry lib/lib.es5.d.ts
178 silly gunzTarPerm modified mode [ 'lib/lib.es5.d.ts', 438, 420 ]
179 silly gunzTarPerm extractEntry lib/lib.es2015.promise.d.ts
180 silly gunzTarPerm modified mode [ 'lib/lib.es2015.promise.d.ts', 438, 420 ]
181 silly gunzTarPerm extractEntry lib/lib.esnext.asynciterable.d.ts
182 silly gunzTarPerm modified mode [ 'lib/lib.esnext.asynciterable.d.ts', 438, 420 ]
183 silly gunzTarPerm extractEntry lib/lib.esnext.d.ts
184 silly gunzTarPerm modified mode [ 'lib/lib.esnext.d.ts', 438, 420 ]
185 silly gunzTarPerm extractEntry lib/lib.esnext.full.d.ts
186 silly gunzTarPerm modified mode [ 'lib/lib.esnext.full.d.ts', 438, 420 ]
187 silly gunzTarPerm extractEntry lib/lib.scripthost.d.ts
188 silly gunzTarPerm modified mode [ 'lib/lib.scripthost.d.ts', 438, 420 ]
189 silly gunzTarPerm extractEntry lib/lib.webworker.d.ts
190 silly gunzTarPerm modified mode [ 'lib/lib.webworker.d.ts', 438, 420 ]
191 silly gunzTarPerm extractEntry lib/protocol.d.ts
192 silly gunzTarPerm modified mode [ 'lib/protocol.d.ts', 438, 420 ]
193 silly gunzTarPerm extractEntry lib/lib.es2015.d.ts
194 silly gunzTarPerm modified mode [ 'lib/lib.es2015.d.ts', 438, 420 ]
195 silly gunzTarPerm extractEntry lib/lib.es2015.core.d.ts
196 silly gunzTarPerm modified mode [ 'lib/lib.es2015.core.d.ts', 438, 420 ]
197 silly gunzTarPerm extractEntry lib/tsserverlibrary.d.ts
198 silly gunzTarPerm modified mode [ 'lib/tsserverlibrary.d.ts', 438, 420 ]
199 silly gunzTarPerm extractEntry lib/lib.es2015.collection.d.ts
200 silly gunzTarPerm modified mode [ 'lib/lib.es2015.collection.d.ts', 438, 420 ]
201 silly gunzTarPerm extractEntry lib/typescript.d.ts
202 silly gunzTarPerm modified mode [ 'lib/typescript.d.ts', 438, 420 ]
203 silly gunzTarPerm extractEntry lib/lib.dom.iterable.d.ts
204 silly gunzTarPerm modified mode [ 'lib/lib.dom.iterable.d.ts', 438, 420 ]
205 silly gunzTarPerm extractEntry lib/typescriptServices.d.ts
206 silly gunzTarPerm modified mode [ 'lib/typescriptServices.d.ts', 438, 420 ]
207 silly gunzTarPerm extractEntry lib/lib.dom.d.ts
208 silly gunzTarPerm modified mode [ 'lib/lib.dom.d.ts', 438, 420 ]
209 silly gunzTarPerm extractEntry lib/lib.d.ts
210 silly gunzTarPerm modified mode [ 'lib/lib.d.ts', 438, 420 ]
211 silly gunzTarPerm extractEntry lib/lib.es2017.object.d.ts
212 silly gunzTarPerm modified mode [ 'lib/lib.es2017.object.d.ts', 438, 420 ]
213 silly gunzTarPerm extractEntry test.config
214 silly gunzTarPerm modified mode [ 'test.config', 438, 420 ]
215 silly gunzTarPerm extractEntry yarn.lock
216 silly gunzTarPerm modified mode [ 'yarn.lock', 438, 420 ]
217 silly gentlyRm /usr/local/lib/node_modules/.staging/typescript-663f1fa5/node_modules is being purged
218 verbose gentlyRm don't care about contents; nuking /usr/local/lib/node_modules/.staging/typescript-663f1fa5/node_modules
219 silly doParallel preinstall 1
220 silly preinstall typescript@2.5.3 /usr/local/lib/node_modules/.staging/typescript-663f1fa5
221 info lifecycle typescript@2.5.3~preinstall: typescript@2.5.3
222 silly lifecycle typescript@2.5.3~preinstall: no script for preinstall, continuing
223 silly doReverseSerial remove 0
224 silly doSerial move 0
225 silly doSerial finalize 1
226 silly finalize /usr/local/lib/node_modules/typescript
227 silly doSerial build 1
228 silly build typescript@2.5.3
229 info linkStuff typescript@2.5.3
230 silly linkStuff typescript@2.5.3 has /usr/local/lib/node_modules as its parent node_modules
231 silly linkStuff typescript@2.5.3 is part of a global install
232 silly linkStuff typescript@2.5.3 is installed into a global node_modules
233 silly linkStuff typescript@2.5.3 is installed into the top-level global node_modules
234 verbose linkBins typescript@2.5.3
235 verbose link bins [ { tsc: './bin/tsc', tsserver: './bin/tsserver' },
235 verbose link bins   '/usr/local/bin',
235 verbose link bins   true ]
236 verbose linkMans typescript@2.5.3
237 silly gentlyRm /usr/local/bin/tsserver is being gently removed
238 silly gentlyRm /usr/local/bin/tsc is being gently removed
239 verbose unlock done using /Users/reedreed/.npm/_locks/staging-3a08f0df5026584d.lock for /usr/local/lib/node_modules/.staging
240 silly rollbackFailedOptional Starting
241 silly rollbackFailedOptional Finishing
242 silly runTopLevelLifecycles Finishing
243 silly install printInstalled
244 verbose stack Error: EACCES: permission denied, symlink '../lib/node_modules/typescript/bin/tsserver' -> '/usr/local/bin/tsserver'
244 verbose stack     at Error (native)
245 verbose cwd /Users/reedreed/Desktop/projects/Projects/shapes_typescript
246 error Darwin 15.6.0
247 error argv "/usr/local/bin/node" "/usr/local/bin/npm" "i" "-g" "typescript"
248 error node v6.11.2
249 error npm  v3.10.10
250 error path ../lib/node_modules/typescript/bin/tsserver
251 error code EACCES
252 error errno -13
253 error syscall symlink
254 error Error: EACCES: permission denied, symlink '../lib/node_modules/typescript/bin/tsserver' -> '/usr/local/bin/tsserver'
254 error     at Error (native)
254 error  { Error: EACCES: permission denied, symlink '../lib/node_modules/typescript/bin/tsserver' -> '/usr/local/bin/tsserver'
254 error     at Error (native)
254 error   errno: -13,
254 error   code: 'EACCES',
254 error   syscall: 'symlink',
254 error   path: '../lib/node_modules/typescript/bin/tsserver',
254 error   dest: '/usr/local/bin/tsserver' }
255 error Please try running this command again as root/Administrator.
256 verbose exit [ -13, true ]
